[debug] [2023-04-06T17:13:53.955Z] ----------------------------------------------------------------------
[debug] [2023-04-06T17:13:53.958Z] Command:       C:\Program Files\nodejs\node.exe C:\Users\user\AppData\Roaming\npm\node_modules\firebase-tools\lib\bin\firebase.js init
[debug] [2023-04-06T17:13:53.959Z] CLI Version:   11.25.3
[debug] [2023-04-06T17:13:53.959Z] Platform:      win32
[debug] [2023-04-06T17:13:53.959Z] Node Version:  v18.14.2
[debug] [2023-04-06T17:13:53.961Z] Time:          Thu Apr 06 2023 20:13:53 GMT+0300 (Arabian Standard Time)
[debug] [2023-04-06T17:13:53.961Z] ----------------------------------------------------------------------
[debug] 
[debug] [2023-04-06T17:13:53.974Z] > command requires scopes: ["email","openid","https://www.googleapis.com/auth/cloudplatformprojects.readonly","https://www.googleapis.com/auth/firebase","https://www.googleapis.com/auth/cloud-platform"]
[debug] [2023-04-06T17:13:53.975Z] > authorizing via signed-in user (odaialazzeh92@gmail.com)
[info] 
     ######## #### ########  ######## ########     ###     ######  ########
     ##        ##  ##     ## ##       ##     ##  ##   ##  ##       ##
     ######    ##  ########  ######   ########  #########  ######  ######
     ##        ##  ##    ##  ##       ##     ## ##     ##       ## ##
     ##       #### ##     ## ######## ########  ##     ##  ######  ########

You're about to initialize a Firebase project in this directory:

  D:\MERN\frontend

[info] 
=== Project Setup
[info] 
[info] First, let's associate this project directory with a Firebase project.
[info] You can create multiple project aliases by running firebase use --add, 
[info] but for now we'll just set up a default project.
[info] 
[debug] [2023-04-06T17:14:57.609Z] >>> [apiv2][query] GET https://firebase.googleapis.com/v1beta1/projects pageSize=100
[debug] [2023-04-06T17:14:58.519Z] <<< [apiv2][status] GET https://firebase.googleapis.com/v1beta1/projects 200
[debug] [2023-04-06T17:14:58.519Z] <<< [apiv2][body] GET https://firebase.googleapis.com/v1beta1/projects [omitted]
[info] i  Using project places-a7917 (places) 
[info] 
=== Hosting Setup
[info] 
[info] Your public directory is the folder (relative to your project directory) that
[info] will contain Hosting assets to be uploaded with firebase deploy. If you
[info] have a build process for your assets, use your build's output directory.
[info] 
